2026-03-14 17:32:43 [INFO]: MongoDB connected
2026-03-14 17:32:43 [INFO]: Server running on port 5000 in development mode
2026-03-14 17:37:05 [INFO]: MongoDB connected
2026-03-14 17:37:05 [INFO]: Server running on port 5000 in development mode
2026-03-14 17:37:19 [INFO]: MongoDB connected
2026-03-14 17:37:19 [INFO]: Server running on port 5000 in development mode
2026-03-14 17:37:46 [INFO]: MongoDB connected
2026-03-14 17:37:46 [INFO]: Server running on port 5000 in development mode
2026-03-14 17:37:48 [INFO]: MongoDB connected
2026-03-14 17:37:48 [INFO]: Server running on port 5000 in development mode
2026-03-14 17:38:38 [INFO]: MongoDB connected
2026-03-14 17:38:38 [INFO]: Server running on port 5000 in development mode
2026-03-14 17:38:45 [INFO]: MongoDB connected
2026-03-14 17:38:45 [INFO]: Server running on port 5000 in development mode
2026-03-14 17:38:47 [INFO]: MongoDB connected
2026-03-14 17:38:47 [INFO]: Server running on port 5000 in development mode
2026-03-14 17:39:06 [INFO]: MongoDB connected
2026-03-14 17:39:06 [INFO]: Server running on port 5000 in development mode
2026-03-14 17:39:08 [INFO]: MongoDB connected
2026-03-14 17:39:08 [INFO]: Server running on port 5000 in development mode
2026-03-14 17:39:16 [INFO]: MongoDB connected
2026-03-14 17:39:16 [INFO]: Server running on port 5000 in development mode
2026-03-14 17:39:18 [INFO]: MongoDB connected
2026-03-14 17:39:18 [INFO]: Server running on port 5000 in development mode
2026-03-14 17:39:20 [INFO]: MongoDB connected
2026-03-14 17:39:20 [INFO]: Server running on port 5000 in development mode
2026-03-14 17:39:54 [INFO]: MongoDB connected
2026-03-14 17:39:54 [INFO]: Server running on port 5000 in development mode
2026-03-14 17:42:35 [INFO]: MongoDB connected
2026-03-14 17:42:35 [INFO]: Server running on port 5000 in development mode
2026-03-14 17:46:24 [INFO]: MongoDB connected for skill seeding
2026-03-14 17:46:26 [INFO]: Pass 1 complete: all 12 skills upserted
2026-03-14 17:46:26 [INFO]: Pass 2 complete: prerequisites resolved and linked
2026-03-14 17:46:32 [INFO]: MongoDB connected for problem seeding
2026-03-14 17:46:33 [INFO]: Seeded 3 problems for Arrays
2026-03-14 17:46:33 [INFO]: Seeded 3 problems for Strings
2026-03-14 17:46:34 [INFO]: Seeded 3 problems for Hashing
2026-03-14 17:46:34 [INFO]: Seeded 3 problems for Recursion
2026-03-14 17:46:34 [INFO]: Seeded 3 problems for Sorting
2026-03-14 17:46:34 [INFO]: Seeded 3 problems for Searching
2026-03-14 17:46:34 [INFO]: Seeded 3 problems for Linked Lists
2026-03-14 17:46:34 [INFO]: Seeded 3 problems for Stacks & Queues
2026-03-14 17:46:35 [INFO]: Seeded 3 problems for Trees
2026-03-14 17:46:35 [INFO]: Seeded 3 problems for Graphs
2026-03-14 17:46:35 [INFO]: Seeded 3 problems for Dynamic Programming
2026-03-14 17:46:35 [INFO]: Seeded 3 problems for Greedy Algorithms
2026-03-14 17:46:35 [INFO]: Problem seeding finished — 36 problems upserted
2026-03-14 17:51:09 [INFO]: MongoDB connected
2026-03-14 17:51:09 [INFO]: Server running on port 5000 in development mode
2026-03-14 17:51:15 [INFO]: MongoDB connected
2026-03-14 17:51:15 [INFO]: Server running on port 5000 in development mode
2026-03-14 17:51:20 [INFO]: MongoDB connected
2026-03-14 17:51:20 [INFO]: Server running on port 5000 in development mode
2026-03-14 17:51:33 [INFO]: MongoDB connected
2026-03-14 17:51:33 [INFO]: Server running on port 5000 in development mode
2026-03-14 17:51:47 [INFO]: MongoDB connected
2026-03-14 17:51:47 [INFO]: Server running on port 5000 in development mode
2026-03-14 17:52:41 [INFO]: MongoDB connected
2026-03-14 17:52:41 [INFO]: Server running on port 5000 in development mode
2026-03-14 17:53:03 [INFO]: MongoDB connected
2026-03-14 17:53:03 [INFO]: Server running on port 5000 in development mode
2026-03-14 17:53:07 [INFO]: MongoDB connected
2026-03-14 17:53:07 [INFO]: Server running on port 5000 in development mode
2026-03-14 17:54:03 [INFO]: MongoDB connected
2026-03-14 17:54:03 [INFO]: Server running on port 5000 in development mode
2026-03-14 17:54:49 [INFO]: MongoDB connected
2026-03-14 17:54:49 [INFO]: Server running on port 5000 in development mode
2026-03-14 17:54:51 [INFO]: MongoDB connected
2026-03-14 17:54:51 [INFO]: Server running on port 5000 in development mode
2026-03-14 17:55:52 [INFO]: MongoDB connected
2026-03-14 17:55:52 [INFO]: Server running on port 5000 in development mode
2026-03-14 17:55:54 [INFO]: MongoDB connected
2026-03-14 17:55:54 [INFO]: Server running on port 5000 in development mode
2026-03-14 17:56:32 [INFO]: MongoDB connected
2026-03-14 17:56:32 [INFO]: Server running on port 5000 in development mode
2026-03-14 17:56:43 [INFO]: MongoDB connected
2026-03-14 17:56:43 [INFO]: Server running on port 5000 in development mode
2026-03-14 17:56:58 [INFO]: MongoDB connected
2026-03-14 17:56:58 [INFO]: Server running on port 5000 in development mode
2026-03-14 17:57:03 [INFO]: MongoDB connected
2026-03-14 17:57:03 [INFO]: Server running on port 5000 in development mode
2026-03-14 17:59:20 [INFO]: MongoDB connected
2026-03-14 18:27:49 [INFO]: New user registered: supreethreddypannala@gmail.com
2026-03-14 18:27:49 [INFO]: [0mPOST /api/auth/register [32m201[0m 1696.672 ms - 441[0m
2026-03-14 18:27:49 [INFO]: Socket connected: PdJZTNm0GSZFlGTsAAAB
2026-03-14 18:27:49 [INFO]: Socket PdJZTNm0GSZFlGTsAAAB joined room user:69b55b4c2a4ff06cb7d760fa
2026-03-14 18:27:49 [INFO]: [0mGET /api/skills/my-states [32m200[0m 194.764 ms - 6375[0m
2026-03-14 18:27:49 [INFO]: [0mGET /api/users/profile [32m200[0m 249.782 ms - 6476[0m
2026-03-14 18:27:49 [INFO]: [0mGET /api/skills/my-states [36m304[0m 167.173 ms - -[0m
2026-03-14 18:27:49 [INFO]: [0mGET /api/users/profile [36m304[0m 182.901 ms - -[0m
2026-03-14 18:27:50 [INFO]: [0mGET /api/submissions/history?limit=10 [32m200[0m 648.484 ms - 107[0m
2026-03-14 18:27:50 [INFO]: [0mGET /api/submissions/history?limit=10 [36m304[0m 84.108 ms - -[0m
2026-03-14 18:27:50 [INFO]: [0mGET /api/users/recommendations [32m200[0m 851.074 ms - 1607[0m
2026-03-14 18:27:50 [INFO]: [0mGET /api/users/recommendations [36m304[0m 173.274 ms - -[0m
2026-03-14 18:27:55 [INFO]: [0mGET /api/problems?page=1&limit=12 [32m200[0m 119.887 ms - 12238[0m
2026-03-14 18:27:55 [INFO]: [0mGET /api/skills [32m200[0m 145.057 ms - 4858[0m
2026-03-14 18:27:55 [INFO]: [0mGET /api/problems?page=1&limit=12 [36m304[0m 181.442 ms - -[0m
2026-03-14 18:27:55 [INFO]: [0mGET /api/skills [36m304[0m 181.147 ms - -[0m
2026-03-14 18:27:59 [INFO]: [0mGET /api/problems/69b551a430f4ccf0382a10a9 [32m200[0m 258.735 ms - 1393[0m
2026-03-14 18:27:59 [INFO]: [0mGET /api/problems/69b551a430f4ccf0382a10a9 [36m304[0m 325.674 ms - -[0m
2026-03-14 18:28:17 [INFO]: [0mGET /api/submissions/history?limit=20 [32m200[0m 122.599 ms - 107[0m
2026-03-14 18:28:17 [INFO]: [0mGET /api/users/profile [36m304[0m 150.125 ms - -[0m
2026-03-14 18:28:17 [INFO]: [0mGET /api/submissions/history?limit=20 [36m304[0m 56.865 ms - -[0m
2026-03-14 18:28:17 [INFO]: [0mGET /api/users/profile [36m304[0m 115.536 ms - -[0m
2026-03-14 18:28:27 [INFO]: [0mGET /api/users/profile [36m304[0m 153.676 ms - -[0m
2026-03-14 18:28:27 [INFO]: [0mGET /api/skills/my-states [36m304[0m 160.281 ms - -[0m
2026-03-14 18:28:27 [INFO]: [0mGET /api/users/recommendations [36m304[0m 239.786 ms - -[0m
2026-03-14 18:28:27 [INFO]: [0mGET /api/users/profile [36m304[0m 116.083 ms - -[0m
2026-03-14 18:28:27 [INFO]: [0mGET /api/skills/my-states [36m304[0m 144.334 ms - -[0m
2026-03-14 18:28:27 [INFO]: [0mGET /api/users/recommendations [36m304[0m 276.082 ms - -[0m
2026-03-14 18:28:27 [INFO]: [0mGET /api/submissions/history?limit=10 [36m304[0m 626.140 ms - -[0m
2026-03-14 18:28:27 [INFO]: [0mGET /api/submissions/history?limit=10 [36m304[0m 85.754 ms - -[0m
2026-03-14 18:33:21 [INFO]: Socket disconnected: PdJZTNm0GSZFlGTsAAAB
2026-03-14 18:33:51 [INFO]: MongoDB connected
2026-03-14 18:33:51 [INFO]: Server running on port 5000 in development mode
2026-03-14 18:34:19 [INFO]: MongoDB connected
2026-03-14 18:34:19 [INFO]: Server running on port 5000 in development mode
2026-03-14 18:38:25 [INFO]: MongoDB connected
2026-03-14 18:38:25 [INFO]: Server running on port 5000 in development mode
2026-03-14 18:38:46 [INFO]: MongoDB connected
2026-03-14 18:38:46 [INFO]: Server running on port 5000 in development mode
2026-03-14 18:44:23 [INFO]: MongoDB connected for problem seeding
2026-03-14 18:44:23 [INFO]: Seeded 3 problems for Arrays
2026-03-14 18:44:23 [INFO]: Seeded 3 problems for Strings
2026-03-14 18:44:24 [INFO]: Seeded 3 problems for Hashing
2026-03-14 18:44:24 [INFO]: Seeded 3 problems for Recursion
2026-03-14 18:44:24 [INFO]: Seeded 3 problems for Sorting
2026-03-14 18:44:24 [INFO]: Seeded 3 problems for Searching
2026-03-14 18:44:24 [INFO]: Seeded 3 problems for Linked Lists
2026-03-14 18:44:25 [INFO]: Seeded 3 problems for Stacks & Queues
2026-03-14 18:44:25 [INFO]: Seeded 3 problems for Trees
2026-03-14 18:44:25 [INFO]: Seeded 3 problems for Graphs
2026-03-14 18:44:25 [INFO]: Seeded 3 problems for Dynamic Programming
2026-03-14 18:44:26 [INFO]: Seeded 3 problems for Greedy Algorithms
2026-03-15 10:36:03 [INFO]: MongoDB connected for problem seeding
2026-03-15 10:36:03 [INFO]: Seeded 3 problems for Arrays
2026-03-15 10:36:04 [INFO]: Seeded 3 problems for Strings
2026-03-15 10:36:04 [INFO]: Seeded 3 problems for Hashing
2026-03-15 10:36:04 [INFO]: Seeded 3 problems for Recursion
2026-03-15 10:36:04 [INFO]: Seeded 3 problems for Sorting
2026-03-15 10:36:04 [INFO]: Seeded 3 problems for Searching
2026-03-15 10:36:04 [INFO]: Seeded 3 problems for Linked Lists
2026-03-15 10:36:04 [INFO]: Seeded 3 problems for Stacks & Queues
2026-03-15 10:36:04 [INFO]: Seeded 3 problems for Trees
2026-03-15 10:36:05 [INFO]: Seeded 3 problems for Graphs
2026-03-15 10:36:05 [INFO]: Seeded 3 problems for Dynamic Programming
2026-03-15 10:36:05 [INFO]: Seeded 3 problems for Greedy Algorithms
2026-03-15 11:56:22 [INFO]: MongoDB connection attempt 1/3
2026-03-15 11:56:23 [INFO]: MongoDB connected successfully
2026-03-15 11:56:23 [INFO]: Server running on port 5000 in development mode
2026-03-15 12:01:25 [INFO]: MongoDB connection attempt 1/3
2026-03-15 12:01:26 [INFO]: MongoDB connected successfully
2026-03-15 12:01:26 [INFO]: Server running on port 5000 in development mode
2026-03-15 12:01:55 [INFO]: User logged in: supreethreddypannala@gmail.com
2026-03-15 12:01:55 [INFO]: [0mPOST /api/auth/login [32m200[0m 176.758 ms - 441[0m
2026-03-15 12:01:55 [INFO]: Socket connected: _nONQ-FvThOIxI5wAAAB
2026-03-15 12:01:55 [INFO]: Socket _nONQ-FvThOIxI5wAAAB joined room user:69b55b4c2a4ff06cb7d760fa
2026-03-15 12:01:55 [INFO]: [0mGET /api/submissions/history?limit=10 [32m200[0m 111.711 ms - 107[0m
2026-03-15 12:01:55 [INFO]: [0mGET /api/submissions/history?limit=10 [36m304[0m 56.087 ms - -[0m
2026-03-15 12:01:55 [INFO]: [0mGET /api/users/recommendations [32m200[0m 234.220 ms - 2080[0m
2026-03-15 12:01:55 [INFO]: [0mGET /api/users/profile [32m200[0m 428.359 ms - 6476[0m
2026-03-15 12:01:55 [INFO]: [0mGET /api/skills/my-states [32m200[0m 443.535 ms - 6375[0m
2026-03-15 12:01:55 [INFO]: [0mGET /api/users/recommendations [36m304[0m 212.035 ms - -[0m
2026-03-15 12:01:55 [INFO]: [0mGET /api/skills/my-states [36m304[0m 100.513 ms - -[0m
2026-03-15 12:01:55 [INFO]: [0mGET /api/users/profile [36m304[0m 371.734 ms - -[0m
2026-03-15 12:02:05 [INFO]: [0mGET /api/skills [32m200[0m 102.037 ms - 4858[0m
2026-03-15 12:02:05 [INFO]: [0mGET /api/problems?page=1&limit=15 [32m200[0m 135.019 ms - 23607[0m
2026-03-15 12:02:05 [INFO]: [0mGET /api/skills [36m304[0m 118.886 ms - -[0m
2026-03-15 12:02:06 [INFO]: [0mGET /api/problems?page=1&limit=15 [36m304[0m 204.434 ms - -[0m
2026-03-15 12:02:09 [INFO]: [0mGET /api/problems/69b551a430f4ccf0382a10a9 [32m200[0m 190.674 ms - 1845[0m
2026-03-15 12:02:09 [INFO]: [0mGET /api/problems/69b551a430f4ccf0382a10a9 [36m304[0m 143.697 ms - -[0m
2026-03-15 12:03:58 [ERROR]: Code execution failed {"error":"Request failed with status code 401","language":"java"}
2026-03-15 12:03:58 [ERROR]: Code execution failed {"error":"Request failed with status code 401","language":"java"}
2026-03-15 12:03:58 [ERROR]: Code execution failed {"error":"Request failed with status code 401","language":"java"}
2026-03-15 12:03:59 [INFO]: Submission created: user=69b55b4c2a4ff06cb7d760fa problem=69b551a430f4ccf0382a10a9 correct=false xp=0
2026-03-15 12:03:59 [INFO]: [0mPOST /api/submissions [32m201[0m 3075.593 ms - 3005[0m
2026-03-15 12:04:40 [ERROR]: Code execution failed {"error":"Request failed with status code 401","language":"java"}
2026-03-15 12:04:40 [ERROR]: Code execution failed {"error":"Request failed with status code 401","language":"java"}
2026-03-15 12:04:40 [ERROR]: Code execution failed {"error":"Request failed with status code 401","language":"java"}
2026-03-15 12:04:41 [INFO]: Submission created: user=69b55b4c2a4ff06cb7d760fa problem=69b551a430f4ccf0382a10a9 correct=false xp=0
2026-03-15 12:04:41 [INFO]: [0mPOST /api/submissions [32m201[0m 2277.066 ms - 3004[0m
2026-03-15 12:04:51 [INFO]: [0mGET /api/skills/my-states [32m200[0m 90.506 ms - 6391[0m
2026-03-15 12:04:51 [INFO]: [0mGET /api/users/profile [32m200[0m 102.356 ms - 8576[0m
2026-03-15 12:04:51 [INFO]: [0mGET /api/skills/my-states [36m304[0m 185.566 ms - -[0m
2026-03-15 12:04:51 [INFO]: [0mGET /api/users/recommendations [36m304[0m 285.507 ms - -[0m
2026-03-15 12:04:51 [INFO]: [0mGET /api/users/profile [36m304[0m 191.232 ms - -[0m
2026-03-15 12:04:52 [INFO]: [0mGET /api/users/recommendations [36m304[0m 208.922 ms - -[0m
2026-03-15 12:04:52 [INFO]: [0mGET /api/submissions/history?limit=10 [32m200[0m 691.412 ms - 2169[0m
2026-03-15 12:04:52 [INFO]: [0mGET /api/submissions/history?limit=10 [36m304[0m 101.340 ms - -[0m
2026-03-15 12:05:16 [INFO]: Socket disconnected: _nONQ-FvThOIxI5wAAAB
2026-03-15 12:05:17 [INFO]: [0mGET /api/auth/me [32m200[0m 55.008 ms - 357[0m
2026-03-15 12:05:17 [INFO]: [0mGET /api/auth/me [36m304[0m 65.789 ms - -[0m
2026-03-15 12:05:17 [INFO]: Socket connected: mtX0krVGk2UnKbI4AAAE
2026-03-15 12:05:17 [INFO]: Socket mtX0krVGk2UnKbI4AAAE joined room user:69b55b4c2a4ff06cb7d760fa
2026-03-15 12:05:17 [INFO]: [0mGET /api/submissions/history?limit=10 [36m304[0m 98.790 ms - -[0m
2026-03-15 12:05:17 [INFO]: [0mGET /api/skills/my-states [36m304[0m 112.679 ms - -[0m
2026-03-15 12:05:17 [INFO]: [0mGET /api/users/profile [36m304[0m 119.306 ms - -[0m
2026-03-15 12:05:17 [INFO]: [0mGET /api/users/recommendations [36m304[0m 163.045 ms - -[0m
2026-03-15 12:05:17 [INFO]: [0mGET /api/skills/my-states [36m304[0m 114.143 ms - -[0m
2026-03-15 12:05:17 [INFO]: [0mGET /api/submissions/history?limit=10 [36m304[0m 129.965 ms - -[0m
2026-03-15 12:05:17 [INFO]: [0mGET /api/users/profile [36m304[0m 118.759 ms - -[0m
2026-03-15 12:05:18 [INFO]: [0mGET /api/users/recommendations [36m304[0m 178.270 ms - -[0m
2026-03-15 12:05:20 [INFO]: [0mGET /api/skills [36m304[0m 103.053 ms - -[0m
2026-03-15 12:05:20 [INFO]: [0mGET /api/problems?page=1&limit=15 [36m304[0m 136.041 ms - -[0m
2026-03-15 12:05:21 [INFO]: [0mGET /api/skills [36m304[0m 159.744 ms - -[0m
2026-03-15 12:05:21 [INFO]: [0mGET /api/problems?page=1&limit=15 [36m304[0m 177.158 ms - -[0m
2026-03-15 12:05:21 [INFO]: [0mGET /api/skills/my-states [36m304[0m 121.746 ms - -[0m
2026-03-15 12:05:21 [INFO]: [0mGET /api/submissions/history?limit=10 [36m304[0m 124.112 ms - -[0m
2026-03-15 12:05:21 [INFO]: [0mGET /api/users/profile [36m304[0m 132.378 ms - -[0m
2026-03-15 12:05:21 [INFO]: [0mGET /api/users/recommendations [36m304[0m 185.140 ms - -[0m
2026-03-15 12:05:21 [INFO]: [0mGET /api/submissions/history?limit=10 [36m304[0m 99.681 ms - -[0m
2026-03-15 12:05:21 [INFO]: [0mGET /api/skills/my-states [36m304[0m 118.642 ms - -[0m
2026-03-15 12:05:21 [INFO]: [0mGET /api/users/profile [36m304[0m 114.709 ms - -[0m
2026-03-15 12:05:21 [INFO]: [0mGET /api/users/recommendations [36m304[0m 169.014 ms - -[0m
2026-03-15 12:05:24 [INFO]: [0mGET /api/skills [36m304[0m 103.254 ms - -[0m
2026-03-15 12:05:24 [INFO]: [0mGET /api/problems?page=1&limit=15 [36m304[0m 174.706 ms - -[0m
2026-03-15 12:05:25 [INFO]: [0mGET /api/skills [36m304[0m 123.889 ms - -[0m
2026-03-15 12:05:25 [INFO]: [0mGET /api/problems?page=1&limit=15 [36m304[0m 138.944 ms - -[0m
2026-03-15 12:05:31 [INFO]: [0mGET /api/skills/my-states [36m304[0m 101.518 ms - -[0m
2026-03-15 12:05:31 [INFO]: [0mGET /api/users/recommendations [36m304[0m 167.626 ms - -[0m
2026-03-15 12:05:31 [INFO]: [0mGET /api/skills/my-states [36m304[0m 121.099 ms - -[0m
2026-03-15 12:05:31 [INFO]: [0mGET /api/users/recommendations [36m304[0m 176.395 ms - -[0m
2026-03-15 12:05:40 [INFO]: Socket connected: SwfkLYkfq83IBb8iAAAG
2026-03-15 12:05:40 [INFO]: Socket SwfkLYkfq83IBb8iAAAG joined room user:69b55b4c2a4ff06cb7d760fa
2026-03-15 12:05:43 [INFO]: Socket disconnected: SwfkLYkfq83IBb8iAAAG
2026-03-15 12:05:43 [INFO]: [0mGET /api/users/profile [36m304[0m 125.005 ms - -[0m
2026-03-15 12:05:43 [INFO]: [0mGET /api/submissions/history?limit=20 [32m200[0m 138.888 ms - 2169[0m
2026-03-15 12:05:44 [INFO]: [0mGET /api/submissions/history?limit=20 [36m304[0m 81.471 ms - -[0m
2026-03-15 12:05:44 [INFO]: [0mGET /api/users/profile [36m304[0m 135.246 ms - -[0m
2026-03-15 12:05:44 [INFO]: Socket connected: TUfN0bR434WrKqIbAAAI
2026-03-15 12:05:44 [INFO]: Socket TUfN0bR434WrKqIbAAAI joined room user:69b55b4c2a4ff06cb7d760fa
2026-03-15 12:05:50 [INFO]: Socket disconnected: TUfN0bR434WrKqIbAAAI
2026-03-15 12:05:50 [INFO]: [0mGET /api/submissions/history?limit=20 [36m304[0m 98.313 ms - -[0m
2026-03-15 12:05:50 [INFO]: [0mGET /api/users/profile [36m304[0m 102.525 ms - -[0m
2026-03-15 12:05:50 [INFO]: [0mGET /api/submissions/history?limit=20 [36m304[0m 94.227 ms - -[0m
2026-03-15 12:05:50 [INFO]: [0mGET /api/users/profile [36m304[0m 139.062 ms - -[0m
2026-03-15 12:05:50 [ERROR]: Redis connection failed {"error":"Connection is closed."}
2026-03-15 12:06:10 [ERROR]: Redis connection failed {"error":"Connection is closed."}
2026-03-15 12:06:21 [ERROR]: Redis cache read error {"error":"Reached the max retries per request limit (which is 3). Refer to \"maxRetriesPerRequest\" option for details."}
2026-03-15 12:06:30 [INFO]: [0mGET /api/skills [36m304[0m 190.879 ms - -[0m
2026-03-15 12:06:30 [INFO]: [0mGET /api/problems?page=1&limit=15 [36m304[0m 194.172 ms - -[0m
2026-03-15 12:06:30 [INFO]: [0mGET /api/skills [36m304[0m 151.534 ms - -[0m
2026-03-15 12:06:31 [INFO]: [0mGET /api/problems?page=1&limit=15 [36m304[0m 193.731 ms - -[0m
2026-03-15 12:06:36 [INFO]: [0mGET /api/problems/69b551a430f4ccf0382a10a9 [32m200[0m 549.588 ms - 1845[0m
2026-03-15 12:06:37 [INFO]: [0mGET /api/problems/69b551a430f4ccf0382a10a9 [36m304[0m 199.575 ms - -[0m
2026-03-15 12:06:41 [ERROR]: Redis cache read error {"error":"Reached the max retries per request limit (which is 3). Refer to \"maxRetriesPerRequest\" option for details."}
2026-03-15 12:06:41 [ERROR]: Redis cache read error {"error":"Reached the max retries per request limit (which is 3). Refer to \"maxRetriesPerRequest\" option for details."}
2026-03-15 12:06:41 [ERROR]: Redis cache read error {"error":"Reached the max retries per request limit (which is 3). Refer to \"maxRetriesPerRequest\" option for details."}
2026-03-15 12:06:48 [ERROR]: Code execution failed {"error":"Request failed with status code 401","language":"java"}
2026-03-15 12:06:48 [ERROR]: Code execution failed {"error":"Request failed with status code 401","language":"java"}
2026-03-15 12:06:48 [ERROR]: Code execution failed {"error":"Request failed with status code 401","language":"java"}
2026-03-15 12:06:49 [INFO]: Submission created: user=69b55b4c2a4ff06cb7d760fa problem=69b551a430f4ccf0382a10a9 correct=false xp=0
2026-03-15 12:06:49 [INFO]: [0mPOST /api/submissions [32m201[0m 2991.835 ms - 3005[0m
2026-03-15 12:07:02 [ERROR]: Redis cache write error {"error":"Reached the max retries per request limit (which is 3). Refer to \"maxRetriesPerRequest\" option for details."}
2026-03-15 12:07:02 [INFO]: [0mGET /api/leaderboard [32m200[0m 81663.220 ms - 163[0m
2026-03-15 12:07:22 [ERROR]: Redis cache write error {"error":"Reached the max retries per request limit (which is 3). Refer to \"maxRetriesPerRequest\" option for details."}
2026-03-15 12:07:22 [ERROR]: Redis cache write error {"error":"Reached the max retries per request limit (which is 3). Refer to \"maxRetriesPerRequest\" option for details."}
2026-03-15 12:07:22 [ERROR]: Redis cache write error {"error":"Reached the max retries per request limit (which is 3). Refer to \"maxRetriesPerRequest\" option for details."}
2026-03-15 12:07:22 [INFO]: [0mGET /api/leaderboard [32m200[0m 81936.737 ms - 163[0m
2026-03-15 12:07:22 [INFO]: [0mGET /api/leaderboard [32m200[0m 78171.788 ms - 163[0m
2026-03-15 12:07:22 [INFO]: [0mGET /api/leaderboard [32m200[0m 78171.592 ms - 163[0m
2026-03-15 12:09:55 [INFO]: Socket disconnected: mtX0krVGk2UnKbI4AAAE
2026-03-15 12:18:18 [INFO]: MongoDB connection attempt 1/3
2026-03-15 12:18:20 [INFO]: MongoDB connected successfully
2026-03-15 12:18:20 [INFO]: Server running on port 5000 in development mode
2026-03-15 12:18:33 [INFO]: [0mGET /api/auth/me [32m200[0m 118.116 ms - 357[0m
2026-03-15 12:18:33 [INFO]: [0mGET /api/auth/me [36m304[0m 105.904 ms - -[0m
2026-03-15 12:18:34 [INFO]: Socket connected: oMin1sr714IE2sjJAAAD
2026-03-15 12:18:34 [INFO]: Socket oMin1sr714IE2sjJAAAD joined room user:69b55b4c2a4ff06cb7d760fa
2026-03-15 12:18:34 [INFO]: [0mGET /api/users/recommendations [36m304[0m 286.679 ms - -[0m
2026-03-15 12:18:34 [INFO]: [0mGET /api/submissions/history?limit=10 [32m200[0m 285.625 ms - 3402[0m
2026-03-15 12:18:34 [INFO]: [0mGET /api/submissions/history?limit=10 [36m304[0m 136.912 ms - -[0m
2026-03-15 12:18:34 [INFO]: [0mGET /api/users/recommendations [36m304[0m 302.642 ms - -[0m
2026-03-15 12:18:34 [INFO]: [0mGET /api/users/profile [32m200[0m 702.647 ms - 9809[0m
2026-03-15 12:18:34 [INFO]: [0mGET /api/skills/my-states [32m200[0m 704.190 ms - 6391[0m
2026-03-15 12:18:34 [INFO]: [0mGET /api/users/profile [36m304[0m 154.340 ms - -[0m
2026-03-15 12:18:34 [INFO]: [0mGET /api/skills/my-states [36m304[0m 194.667 ms - -[0m
2026-03-15 12:18:36 [INFO]: Socket disconnected: oMin1sr714IE2sjJAAAD
2026-03-15 12:18:49 [INFO]: [0mGET /api/auth/me [36m304[0m 103.147 ms - -[0m
2026-03-15 12:18:49 [INFO]: [0mGET /api/auth/me [36m304[0m 109.587 ms - -[0m
2026-03-15 12:18:49 [INFO]: Socket connected: mjO1jZlMxwxbRv-SAAAG
2026-03-15 12:18:49 [INFO]: Socket mjO1jZlMxwxbRv-SAAAG joined room user:69b55b4c2a4ff06cb7d760fa
2026-03-15 12:18:49 [INFO]: [0mGET /api/skills/my-states [36m304[0m 188.280 ms - -[0m
2026-03-15 12:18:49 [INFO]: [0mGET /api/users/profile [36m304[0m 210.524 ms - -[0m
2026-03-15 12:18:50 [INFO]: [0mGET /api/skills/my-states [36m304[0m 229.352 ms - -[0m
2026-03-15 12:18:50 [INFO]: [0mGET /api/users/profile [36m304[0m 225.701 ms - -[0m
2026-03-15 12:18:50 [INFO]: [0mGET /api/submissions/history?limit=10 [36m304[0m 689.066 ms - -[0m
2026-03-15 12:18:50 [INFO]: [0mGET /api/users/recommendations [36m304[0m 816.655 ms - -[0m
2026-03-15 12:18:50 [INFO]: [0mGET /api/submissions/history?limit=10 [36m304[0m 229.496 ms - -[0m
2026-03-15 12:18:50 [INFO]: [0mGET /api/users/recommendations [36m304[0m 330.254 ms - -[0m
2026-03-15 12:20:08 [INFO]: Socket disconnected: mjO1jZlMxwxbRv-SAAAG
2026-03-15 12:26:40 [INFO]: MongoDB connection attempt 1/3
2026-03-15 12:26:42 [INFO]: MongoDB connected successfully
2026-03-15 12:26:42 [INFO]: Server running on port 5000 in development mode
2026-03-15 13:04:09 [INFO]: MongoDB connection attempt 1/3
2026-03-15 13:04:11 [INFO]: MongoDB connected successfully
2026-03-15 13:04:11 [INFO]: Server running on port 5000 in development mode
2026-03-15 13:46:18 [INFO]: MongoDB connection attempt 1/3
2026-03-15 13:46:19 [INFO]: MongoDB connected successfully
2026-03-15 13:46:19 [INFO]: Server running on port 5000 in development mode
2026-03-15 14:01:54 [INFO]: MongoDB connection attempt 1/3
2026-03-15 14:01:55 [INFO]: MongoDB connected successfully
2026-03-15 14:01:55 [INFO]: Server running on port 5000 in development mode
